<?xml version="1.0" encoding="UTF-8"?>
<testng-results ignored="0" total="1" passed="1" failed="0" skipped="0">
  <reporter-output>
  </reporter-output>
  <suite started-at="2024-04-18T09:37:27 IST" name="Default suite" finished-at="2024-04-18T09:37:40 IST" duration-ms="12302">
    <groups>
    </groups>
    <test started-at="2024-04-18T09:37:27 IST" name="Default test" finished-at="2024-04-18T09:37:40 IST" duration-ms="12302">
      <class name="com.facebook.testCases.TC_LoginTest_001">
        <test-method is-config="true" signature="setup()[pri:0, instance:com.facebook.testCases.TC_LoginTest_001@1ca3b418]" started-at="2024-04-18T09:37:27 IST" name="setup" finished-at="2024-04-18T09:37:30 IST" duration-ms="3012" status="PASS">
          <reporter-output>
          </reporter-output>
        </test-method> <!-- setup -->
        <test-method signature="loginTest()[pri:0, instance:com.facebook.testCases.TC_LoginTest_001@1ca3b418]" started-at="2024-04-18T09:37:30 IST" name="loginTest" finished-at="2024-04-18T09:37:39 IST" duration-ms="8490" status="PASS">
          <reporter-output>
          </reporter-output>
        </test-method> <!-- loginTest -->
        <test-method is-config="true" signature="tearDown()[pri:0, instance:com.facebook.testCases.TC_LoginTest_001@1ca3b418]" started-at="2024-04-18T09:37:39 IST" name="tearDown" finished-at="2024-04-18T09:37:40 IST" duration-ms="755" status="PASS">
          <reporter-output>
          </reporter-output>
        </test-method> <!-- tearDown -->
      </class> <!-- com.facebook.testCases.TC_LoginTest_001 -->
    </test> <!-- Default test -->
  </suite> <!-- Default suite -->
</testng-results>
